<?xml version="1.0" encoding="UTF-8"?>
<testsuite xmlns:xsi="http://www.w3.org/2001/XMLSchema-instance" xsi:schemaLocation="https://maven.apache.org/surefire/maven-surefire-plugin/xsd/surefire-test-report.xsd" name="io.swagger.api.HRServiceTest" time="17.971" tests="4" errors="1" skipped="0" failures="0">
  <properties>
[...]
</properties>
  <testcase name="deleteEmployees_givenValidData_doNothing" classname="io.swagger.api.HRServiceTest" time="0.047"/>
  <testcase name="getEmployee_givenValidData_doGet" classname="io.swagger.api.HRServiceTest" time="0.007"/>
  <testcase name="employeeSet_givenValidData_doSet" classname="io.swagger.api.HRServiceTest" time="0.03">
    <error message="&#10;Only void methods can doNothing()!&#10;Example of correct use of doNothing():&#10;    doNothing().&#10;    doThrow(new RuntimeException())&#10;    .when(mock).someVoidMethod();&#10;Above means:&#10;someVoidMethod() does nothing the 1st time but throws an exception the 2nd time is called" type="org.mockito.exceptions.base.MockitoException">org.mockito.exceptions.base.MockitoException: 

Only void methods can doNothing()!
Example of correct use of doNothing():
    doNothing().
    doThrow(new RuntimeException())
    .when(mock).someVoidMethod();
Above means:
someVoidMethod() does nothing the 1st time but throws an exception the 2nd time is called
	at io.swagger.api.HRServiceTest.employeeSet_givenValidData_doSet(HRServiceTest.java:96)
</error>
  </testcase>
  <testcase name="getId_givenValidData_doGet" classname="io.swagger.api.HRServiceTest" time="0.011"/>
</testsuite>